# JRE version: OpenJDK Runtime Environment (8.0_202-b03) (build 1.8.0_202-release-1483-b03)
# Java VM: OpenJDK 64-Bit Server VM (25.202-b03 mixed mode windows-amd64 compressed oops)
Heap:
 PSYoungGen      total 374784K, used 311147K [0x00000000e0000000, 0x00000000f9280000, 0x0000000100000000)
  eden space 348672K, 81% used [0x00000000e0000000,0x00000000f165dc30,0x00000000f5480000)
  from space 26112K, 99% used [0x00000000f7780000,0x00000000f90fd050,0x00000000f9100000)
  to   space 31744K, 0% used [0x00000000f5480000,0x00000000f5480000,0x00000000f7380000)
 ParOldGen       total 148480K, used 37061K [0x00000000a0000000, 0x00000000a9100000, 0x00000000e0000000)
  object space 148480K, 24% used [0x00000000a0000000,0x00000000a2431648,0x00000000a9100000)
 Metaspace       used 80047K, capacity 83342K, committed 83544K, reserved 1122304K
  class space    used 10427K, capacity 11110K, committed 11136K, reserved 1048576K
GC Heap History (10 events):
Event: 16.325 GC heap before
{Heap before GC invocations=9 (full 2):
 PSYoungGen      total 217600K, used 203264K [0x00000000e0000000, 0x00000000ee580000, 0x0000000100000000)
  eden space 203264K, 100% used [0x00000000e0000000,0x00000000ec680000,0x00000000ec680000)
  from space 14336K, 0% used [0x00000000ed780000,0x00000000ed780000,0x00000000ee580000)
  to   space 15872K, 0% used [0x00000000ec680000,0x00000000ec680000,0x00000000ed600000)
 ParOldGen       total 102400K, used 17481K [0x00000000a0000000, 0x00000000a6400000, 0x00000000e0000000)
  object space 102400K, 17% used [0x00000000a0000000,0x00000000a1112658,0x00000000a6400000)
 Metaspace       used 52437K, capacity 53932K, committed 54104K, reserved 1095680K
  class space    used 7114K, capacity 7503K, committed 7552K, reserved 1048576K
Event: 16.412 GC heap after
Heap after GC invocations=9 (full 2):
 PSYoungGen      total 219136K, used 15858K [0x00000000e0000000, 0x00000000f5f00000, 0x0000000100000000)
  eden space 203264K, 0% used [0x00000000e0000000,0x00000000e0000000,0x00000000ec680000)
  from space 15872K, 99% used [0x00000000ec680000,0x00000000ed5fca70,0x00000000ed600000)
  to   space 23040K, 0% used [0x00000000f4880000,0x00000000f4880000,0x00000000f5f00000)
 ParOldGen       total 102400K, used 26444K [0x00000000a0000000, 0x00000000a6400000, 0x00000000e0000000)
  object space 102400K, 25% used [0x00000000a0000000,0x00000000a19d3208,0x00000000a6400000)
 Metaspace       used 52437K, capacity 53932K, committed 54104K, reserved 1095680K
  class space    used 7114K, capacity 7503K, committed 7552K, reserved 1048576K
}
Event: 18.137 GC heap before
{Heap before GC invocations=10 (full 2):
 PSYoungGen      total 219136K, used 75306K [0x00000000e0000000, 0x00000000f5f00000, 0x0000000100000000)
  eden space 203264K, 29% used [0x00000000e0000000,0x00000000e3a0dee0,0x00000000ec680000)
  from space 15872K, 99% used [0x00000000ec680000,0x00000000ed5fca70,0x00000000ed600000)
  to   space 23040K, 0% used [0x00000000f4880000,0x00000000f4880000,0x00000000f5f00000)
 ParOldGen       total 102400K, used 26444K [0x00000000a0000000, 0x00000000a6400000, 0x00000000e0000000)
  object space 102400K, 25% used [0x00000000a0000000,0x00000000a19d3208,0x00000000a6400000)
 Metaspace       used 56970K, capacity 58968K, committed 59028K, reserved 1099776K
  class space    used 7799K, capacity 8261K, committed 8320K, reserved 1048576K
Event: 18.153 GC heap after
Heap after GC invocations=10 (full 2):
 PSYoungGen      total 328192K, used 16365K [0x00000000e0000000, 0x00000000f5c00000, 0x0000000100000000)
  eden space 308224K, 0% used [0x00000000e0000000,0x00000000e0000000,0x00000000f2d00000)
  from space 19968K, 81% used [0x00000000f4880000,0x00000000f587b458,0x00000000f5c00000)
  to   space 24064K, 0% used [0x00000000f2d00000,0x00000000f2d00000,0x00000000f4480000)
 ParOldGen       total 102400K, used 26516K [0x00000000a0000000, 0x00000000a6400000, 0x00000000e0000000)
  object space 102400K, 25% used [0x00000000a0000000,0x00000000a19e5218,0x00000000a6400000)
 Metaspace       used 56970K, capacity 58968K, committed 59028K, reserved 1099776K
  class space    used 7799K, capacity 8261K, committed 8320K, reserved 1048576K
}
Event: 18.153 GC heap before
{Heap before GC invocations=11 (full 3):
 PSYoungGen      total 328192K, used 16365K [0x00000000e0000000, 0x00000000f5c00000, 0x0000000100000000)
  eden space 308224K, 0% used [0x00000000e0000000,0x00000000e0000000,0x00000000f2d00000)
  from space 19968K, 81% used [0x00000000f4880000,0x00000000f587b458,0x00000000f5c00000)
  to   space 24064K, 0% used [0x00000000f2d00000,0x00000000f2d00000,0x00000000f4480000)
 ParOldGen       total 102400K, used 26516K [0x00000000a0000000, 0x00000000a6400000, 0x00000000e0000000)
  object space 102400K, 25% used [0x00000000a0000000,0x00000000a19e5218,0x00000000a6400000)
 Metaspace       used 56970K, capacity 58968K, committed 59028K, reserved 1099776K
  class space    used 7799K, capacity 8261K, committed 8320K, reserved 1048576K
Event: 18.423 GC heap after
Heap after GC invocations=11 (full 3):
 PSYoungGen      total 328192K, used 0K [0x00000000e0000000, 0x00000000f5c00000, 0x0000000100000000)
  eden space 308224K, 0% used [0x00000000e0000000,0x00000000e0000000,0x00000000f2d00000)
  from space 19968K, 0% used [0x00000000f4880000,0x00000000f4880000,0x00000000f5c00000)
  to   space 24064K, 0% used [0x00000000f2d00000,0x00000000f2d00000,0x00000000f4480000)
 ParOldGen       total 148480K, used 30951K [0x00000000a0000000, 0x00000000a9100000, 0x00000000e0000000)
  object space 148480K, 20% used [0x00000000a0000000,0x00000000a1e39d60,0x00000000a9100000)
 Metaspace       used 56732K, capacity 58300K, committed 59028K, reserved 1099776K
  class space    used 7725K, capacity 8129K, committed 8320K, reserved 1048576K
}
Event: 124.675 GC heap before
{Heap before GC invocations=12 (full 3):
 PSYoungGen      total 328192K, used 308224K [0x00000000e0000000, 0x00000000f5c00000, 0x0000000100000000)
  eden space 308224K, 100% used [0x00000000e0000000,0x00000000f2d00000,0x00000000f2d00000)
  from space 19968K, 0% used [0x00000000f4880000,0x00000000f4880000,0x00000000f5c00000)
  to   space 24064K, 0% used [0x00000000f2d00000,0x00000000f2d00000,0x00000000f4480000)
 ParOldGen       total 148480K, used 30951K [0x00000000a0000000, 0x00000000a9100000, 0x00000000e0000000)
  object space 148480K, 20% used [0x00000000a0000000,0x00000000a1e39d60,0x00000000a9100000)
 Metaspace       used 66522K, capacity 68762K, committed 69080K, reserved 1110016K
  class space    used 8874K, capacity 9406K, committed 9472K, reserved 1048576K
Event: 124.706 GC heap after
Heap after GC invocations=12 (full 3):
 PSYoungGen      total 332288K, used 19971K [0x00000000e0000000, 0x00000000f9100000, 0x0000000100000000)
  eden space 308224K, 0% used [0x00000000e0000000,0x00000000e0000000,0x00000000f2d00000)
  from space 24064K, 82% used [0x00000000f2d00000,0x00000000f4080c28,0x00000000f4480000)
  to   space 26112K, 0% used [0x00000000f7780000,0x00000000f7780000,0x00000000f9100000)
 ParOldGen       total 148480K, used 30959K [0x00000000a0000000, 0x00000000a9100000, 0x00000000e0000000)
  object space 148480K, 20% used [0x00000000a0000000,0x00000000a1e3bd60,0x00000000a9100000)
 Metaspace       used 66522K, capacity 68762K, committed 69080K, reserved 1110016K
  class space    used 8874K, capacity 9406K, committed 9472K, reserved 1048576K
}
Event: 211.591 GC heap before
{Heap before GC invocations=13 (full 3):
 PSYoungGen      total 332288K, used 328195K [0x00000000e0000000, 0x00000000f9100000, 0x0000000100000000)
  eden space 308224K, 100% used [0x00000000e0000000,0x00000000f2d00000,0x00000000f2d00000)
  from space 24064K, 82% used [0x00000000f2d00000,0x00000000f4080c28,0x00000000f4480000)
  to   space 26112K, 0% used [0x00000000f7780000,0x00000000f7780000,0x00000000f9100000)
 ParOldGen       total 148480K, used 30959K [0x00000000a0000000, 0x00000000a9100000, 0x00000000e0000000)
  object space 148480K, 20% used [0x00000000a0000000,0x00000000a1e3bd60,0x00000000a9100000)
 Metaspace       used 70537K, capacity 73562K, committed 73688K, reserved 1114112K
  class space    used 9355K, capacity 9982K, committed 9984K, reserved 1048576K
Event: 211.631 GC heap after
Heap after GC invocations=13 (full 3):
 PSYoungGen      total 374784K, used 26100K [0x00000000e0000000, 0x00000000f9280000, 0x0000000100000000)
  eden space 348672K, 0% used [0x00000000e0000000,0x00000000e0000000,0x00000000f5480000)
  from space 26112K, 99% used [0x00000000f7780000,0x00000000f90fd050,0x00000000f9100000)
  to   space 31744K, 0% used [0x00000000f5480000,0x00000000f5480000,0x00000000f7380000)
 ParOldGen       total 148480K, used 37061K [0x00000000a0000000, 0x00000000a9100000, 0x00000000e0000000)
  object space 148480K, 24% used [0x00000000a0000000,0x00000000a2431648,0x00000000a9100000)
 Metaspace       used 70537K, capacity 73562K, committed 73688K, reserved 1114112K
  class space    used 9355K, capacity 9982K, committed 9984K, reserved 1048576K
}

